#
# A fatal error has been detected by the Java Runtime Environment:
#
#  SIGSEGV (0xb) at pc=0x00000001319c885e, pid=20165, tid=0x000000000000c063
#
# JRE version: Java(TM) SE Runtime Environment (8.0_144-b01) (build 1.8.0_144-b01)
# Java VM: Java HotSpot(TM) 64-Bit Server VM (25.144-b01 mixed mode bsd-amd64 compressed oops)
# Problematic frame:
# C  [libjfxmedia_avf.dylib+0x785e]  _ZN18AVFKernelComponent18ProcessBufferListsERjRK15AudioBufferListRS1_j+0x22
#
# Failed to write core dump. Core dumps have been disabled. To enable core dumping, try "ulimit -c unlimited" before starting Java again
#
# If you would like to submit a bug report, please visit:
#   http://bugreport.java.com/bugreport/crash.jsp
#

---------------  T H R E A D  ---------------

Current thread is native thread

siginfo: si_signo: 11 (SIGSEGV), si_code: 0 (unknown), si_addr: 0x0000000000000000

Registers:
RAX=0xe000000000000000, RBX=0x0000700011667a44, RCX=0x00007ff684e56b20, RDX=0x00007ff684e56b50
RSP=0x0000700011667790, RBP=0x0000700011667790, RSI=0x0000700011667a44, RDI=0x00007ff684e120b0
R8 =0x0000000000001000, R9 =0x00007000116675a7, R10=0x00000001319e3290, R11=0xffffffffffffffd0
R12=0x00007ff684e566f0, R13=0x00007ff684e56b50, R14=0x00000001319c883c, R15=0x0000000000001000
RIP=0x00000001319c885e, EFLAGS=0x0000000000010202, ERR=0x0000000000000000
  TRAPNO=0x000000000000000d

Top of Stack: (sp=0x0000700011667790)
0x0000700011667790:   00007000116677f0 00000001319d1ab2
0x00007000116677a0:   00007000116677e8 0000700011667a44
0x00007000116677b0:   00007000116677d0 00007fff461e8fe3
0x00007000116677c0:   0000700011667820 0000700011667a44
0x00007000116677d0:   00007ff684e566f0 00007ff684e56a60
0x00007000116677e0:   00007ff684e57660 0000000000001000
0x00007000116677f0:   0000700011667840 00000001319cc369
0x0000700011667800:   00007fffa14211e0 0000700011667a68
0x0000700011667810:   0000000011667840 0000000000009fe0
0x0000700011667820:   00007ff684e56a60 00000000ffffffce
0x0000700011667830:   0000000000001000 00007ff684e566f0
0x0000700011667840:   00007000116678b0 00000001319ca9a1
0x0000700011667850:   00007ff684e57660 00009fe046182854
0x0000700011667860:   0000700011667a44 0000700011667a68
0x0000700011667870:   00000000116678d0 00007ff684e57660
0x0000700011667880:   00009fe000000000 00000000ffffffce
0x0000700011667890:   0000700011667a44 0000000000000000
0x00007000116678a0:   0000000000001000 0000700011667a68
0x00007000116678b0:   00007000116678d0 00000001319ce996
0x00007000116678c0:   00000001319ce968 00007ff684e57160
0x00007000116678d0:   0000700011667910 00000001319cd777
0x00007000116678e0:   00007ff684e57160 0000700011667a68
0x00007000116678f0:   00007ff684e56f10 00000000ffffd584
0x0000700011667900:   0000700011667a44 0000000000001000
0x0000700011667910:   0000700011667970 00000001319d18f0
0x0000700011667920:   0000700011667968 00007ff67ea0c410
0x0000700011667930:   0000700011667950 00007fff461e8fe3
0x0000700011667940:   00007000116679a0 0000700011667a44
0x0000700011667950:   00007ff684e56f10 00007ff684e57250
0x0000700011667960:   00007ff684e5a518 0000000000001000
0x0000700011667970:   00007000116679c0 00000001319cc369
0x0000700011667980:   00007fffa14211e0 0000700011667a68 

Instructions: (pc=0x00000001319c885e)
0x00000001319c883e:   89 e5 80 bf d0 01 00 00 00 74 06 5d e9 bf 92 00
0x00000001319c884e:   00 48 8b bf d8 01 00 00 48 85 ff 74 0a 48 8b 07
0x00000001319c885e:   48 8b 40 28 5d ff e0 31 c0 5d c3 90 55 48 89 e5
0x00000001319c886e:   41 57 41 56 41 55 41 54 53 50 4d 89 c6 41 89 d5 

Register to memory mapping:

RAX=0xe000000000000000 is an unknown value
RBX=0x0000700011667a44 is an unknown value
RCX=0x00007ff684e56b20 is an unknown value
RDX=0x00007ff684e56b50 is an unknown value
RSP=0x0000700011667790 is an unknown value
RBP=0x0000700011667790 is an unknown value
RSI=0x0000700011667a44 is an unknown value
RDI=0x00007ff684e120b0 is an unknown value
R8 =0x0000000000001000 is an unknown value
R9 =0x00007000116675a7 is an unknown value
R10=0x00000001319e3290: _ZTV18AVFEqualizerKernel+0x10 in /Library/Java/JavaVirtualMachines/jdk1.8.0_144.jdk/Contents/Home/jre/lib/libjfxmedia_avf.dylib at 0x00000001319c1000
R11=0xffffffffffffffd0 is an unknown value
R12=0x00007ff684e566f0 is an unknown value
R13=0x00007ff684e56b50 is an unknown value
R14=0x00000001319c883c: _ZN18AVFKernelComponent18ProcessBufferListsERjRK15AudioBufferListRS1_j+0 in /Library/Java/JavaVirtualMachines/jdk1.8.0_144.jdk/Contents/Home/jre/lib/libjfxmedia_avf.dylib at 0x00000001319c1000
R15=0x0000000000001000 is an unknown value


Stack: [0x00007000115e8000,0x0000700011668000],  sp=0x0000700011667790,  free space=509k
Native frames: (J=compiled Java code, j=interpreted, Vv=VM code, C=native code)
C  [libjfxmedia_avf.dylib+0x785e]  _ZN18AVFKernelComponent18ProcessBufferListsERjRK15AudioBufferListRS1_j+0x22
C  [libjfxmedia_avf.dylib+0x10ab2]  _ZN12AUEffectBase6RenderERjRK14AudioTimeStampj+0x240
C  [libjfxmedia_avf.dylib+0xb369]  _ZN6AUBase11DoRenderBusERjRK14AudioTimeStampjP15AUOutputElementjR15AudioBufferList+0xa9
C  [libjfxmedia_avf.dylib+0x99a1]  _ZN6AUBase8DoRenderERjRK14AudioTimeStampjjR15AudioBufferList+0x1b9
C  [libjfxmedia_avf.dylib+0xd996]  _ZL14AUMethodRenderPvPjPK14AudioTimeStampjjP15AudioBufferList+0x2e
C  [libjfxmedia_avf.dylib+0xc777]  _ZN14AUInputElement9PullInputERjRK14AudioTimeStampjj+0x8d
C  [libjfxmedia_avf.dylib+0x108f0]  _ZN12AUEffectBase6RenderERjRK14AudioTimeStampj+0x7e
C  [libjfxmedia_avf.dylib+0xb369]  _ZN6AUBase11DoRenderBusERjRK14AudioTimeStampjP15AUOutputElementjR15AudioBufferList+0xa9
C  [libjfxmedia_avf.dylib+0x99a1]  _ZN6AUBase8DoRenderERjRK14AudioTimeStampjjR15AudioBufferList+0x1b9
C  [libjfxmedia_avf.dylib+0xd996]  _ZL14AUMethodRenderPvPjPK14AudioTimeStampjjP15AudioBufferList+0x2e
C  [libjfxmedia_avf.dylib+0x54b1]  _ZL15ProcessAudioTapPKvljP15AudioBufferListPlPj+0x63
C  [MediaToolbox+0x426178]  MTAudioProcessingTapGetSourceAudio+0x7f7
C  [AudioToolbox+0x11845e]  _Z25AQClientCallProcessingTapPvjP14AudioTimeStampPjS2_P15AudioBufferListidjdjPKhj+0x5d
C  [AudioToolbox+0x1be551]  _ZN15AQProcessingTap9DoCalloutERjR14AudioTimeStampS0_R15AudioBufferListj+0xbf
C  [AudioToolbox+0x1be375]  _ZN16AudioQueueObject18PerformTapInternalER14AudioTimeStampRjS2_j+0x8b
C  [AudioToolbox+0x1be276]  _ZN16AudioQueueObject20PerformProcessingTapEPFiPvRjRK14AudioTimeStampjR15AudioBufferListRdS1_ES0_RS2_S1_S6_S1_j+0xce
C  [AudioToolbox+0x1ca3a5]  _ZN14MEMixerChannel13TapDownstreamEPvPjPK14AudioTimeStampjjP15AudioBufferList+0x81
C  [CoreAudio+0x125469]  _ZN14AUInputElement9PullInputERjRK14AudioTimeStampjj+0xb9
C  [CoreAudio+0x66394]  _ZN18AUDeferredRenderer7ProduceEv+0x23c
C  [CoreAudio+0x66114]  _ZN18AUDeferredRenderer18ProducerThreadProcEv+0x70
C  [CoreAudio+0x65865]  _ZN18AUDeferredRenderer18ProducerThreadProcEPv+0x1f
C  [CoreAudio+0x142a09]  _ZN9CAPThread5EntryEPS_+0x4d
C  [libsystem_pthread.dylib+0x36c1]  _pthread_body+0x154
C  [libsystem_pthread.dylib+0x356d]  _pthread_body+0x0
C  [libsystem_pthread.dylib+0x2c5d]  thread_start+0xd


---------------  P R O C E S S  ---------------

VM state:not at safepoint (normal execution)

VM Mutex/Monitor currently owned by a thread: None

Heap:
 PSYoungGen      total 71168K, used 57384K [0x000000076ab00000, 0x000000076fc00000, 0x00000007c0000000)
  eden space 62464K, 81% used [0x000000076ab00000,0x000000076dcb2378,0x000000076e800000)
  from space 8704K, 74% used [0x000000076f380000,0x000000076f9d8050,0x000000076fc00000)
  to   space 10240K, 0% used [0x000000076e800000,0x000000076e800000,0x000000076f200000)
 ParOldGen       total 175104K, used 5376K [0x00000006c0000000, 0x00000006cab00000, 0x000000076ab00000)
  object space 175104K, 3% used [0x00000006c0000000,0x00000006c0540030,0x00000006cab00000)
 Metaspace       used 19068K, capacity 20114K, committed 20352K, reserved 1067008K
  class space    used 2671K, capacity 2924K, committed 2944K, reserved 1048576K

Card table byte_map: [0x0000000117b2f000,0x0000000118330000] byte_map_base: 0x000000011452f000

Marking Bits: (ParMarkBitMap*) 0x000000010847b5d0
 Begin Bits: [0x0000000118886000, 0x000000011c886000)
 End Bits:   [0x000000011c886000, 0x0000000120886000)

Polling page: 0x00000001064b8000

CodeCache: size=245760Kb used=10170Kb max_used=10181Kb free=235589Kb
 bounds [0x0000000108b2f000, 0x000000010952f000, 0x0000000117b2f000]
 total_blobs=3969 nmethods=3298 adapters=584
 compilation: enabled

Compilation events (10 events):
Event: 29.298 Thread 0x00007ff67d00b000 3324       3       javafx.scene.layout.CornerRadii::<init> (313 bytes)
Event: 29.299 Thread 0x00007ff67d00b000 nmethod 3324 0x0000000109524710 code [0x00000001095248e0, 0x0000000109525638]
Event: 29.315 Thread 0x00007ff67d00a000 3325       4       javafx.scene.layout.Region::resize (67 bytes)
Event: 29.318 Thread 0x00007ff67d00a000 nmethod 3325 0x00000001095271d0 code [0x0000000109527340, 0x0000000109527558]
Event: 29.332 Thread 0x00007ff67d009800 3326       4       javafx.scene.layout.Region::setWidth (24 bytes)
Event: 29.340 Thread 0x00007ff67d009800 nmethod 3326 0x0000000109521250 code [0x0000000109521420, 0x0000000109521a70]
Event: 29.372 Thread 0x00007ff67d00b000 3327       1       java.lang.invoke.DirectMethodHandle$Special::isInvokeSpecial (2 bytes)
Event: 29.372 Thread 0x00007ff67d00b000 nmethod 3327 0x000000010950ff90 code [0x00000001095100e0, 0x00000001095101f0]
Event: 29.374 Thread 0x00007ff67d00b000 3328       3       javafx.scene.media.MediaPlayer::access$5202 (7 bytes)
Event: 29.374 Thread 0x00007ff67d00b000 nmethod 3328 0x0000000109510e90 code [0x0000000109510fe0, 0x0000000109511130]

GC Heap History (10 events):
Event: 6.807 GC heap before
{Heap before GC invocations=2 (full 0):
 PSYoungGen      total 76288K, used 74674K [0x000000076ab00000, 0x0000000770000000, 0x00000007c0000000)
  eden space 65536K, 100% used [0x000000076ab00000,0x000000076eb00000,0x000000076eb00000)
  from space 10752K, 84% used [0x000000076eb00000,0x000000076f3ecae0,0x000000076f580000)
  to   space 10752K, 0% used [0x000000076f580000,0x000000076f580000,0x0000000770000000)
 ParOldGen       total 175104K, used 2712K [0x00000006c0000000, 0x00000006cab00000, 0x000000076ab00000)
  object space 175104K, 1% used [0x00000006c0000000,0x00000006c02a6020,0x00000006cab00000)
 Metaspace       used 18275K, capacity 19258K, committed 19328K, reserved 1064960K
  class space    used 2657K, capacity 2877K, committed 2944K, reserved 1048576K
Event: 6.816 GC heap after
Heap after GC invocations=2 (full 0):
 PSYoungGen      total 76288K, used 9042K [0x000000076ab00000, 0x0000000770000000, 0x00000007c0000000)
  eden space 65536K, 0% used [0x000000076ab00000,0x000000076ab00000,0x000000076eb00000)
  from space 10752K, 84% used [0x000000076f580000,0x000000076fe54ae0,0x0000000770000000)
  to   space 10752K, 0% used [0x000000076eb00000,0x000000076eb00000,0x000000076f580000)
 ParOldGen       total 175104K, used 5344K [0x00000006c0000000, 0x00000006cab00000, 0x000000076ab00000)
  object space 175104K, 3% used [0x00000006c0000000,0x00000006c0538030,0x00000006cab00000)
 Metaspace       used 18275K, capacity 19258K, committed 19328K, reserved 1064960K
  class space    used 2657K, capacity 2877K, committed 2944K, reserved 1048576K
}
Event: 12.309 GC heap before
{Heap before GC invocations=3 (full 0):
 PSYoungGen      total 76288K, used 74578K [0x000000076ab00000, 0x0000000770000000, 0x00000007c0000000)
  eden space 65536K, 100% used [0x000000076ab00000,0x000000076eb00000,0x000000076eb00000)
  from space 10752K, 84% used [0x000000076f580000,0x000000076fe54ae0,0x0000000770000000)
  to   space 10752K, 0% used [0x000000076eb00000,0x000000076eb00000,0x000000076f580000)
 ParOldGen       total 175104K, used 5344K [0x00000006c0000000, 0x00000006cab00000, 0x000000076ab00000)
  object space 175104K, 3% used [0x00000006c0000000,0x00000006c0538030,0x00000006cab00000)
 Metaspace       used 18616K, capacity 19622K, committed 19840K, reserved 1067008K
  class space    used 2667K, capacity 2889K, committed 2944K, reserved 1048576K
Event: 12.316 GC heap after
Heap after GC invocations=3 (full 0):
 PSYoungGen      total 76288K, used 6482K [0x000000076ab00000, 0x0000000770000000, 0x00000007c0000000)
  eden space 65536K, 0% used [0x000000076ab00000,0x000000076ab00000,0x000000076eb00000)
  from space 10752K, 60% used [0x000000076eb00000,0x000000076f154af0,0x000000076f580000)
  to   space 10752K, 0% used [0x000000076f580000,0x000000076f580000,0x0000000770000000)
 ParOldGen       total 175104K, used 5352K [0x00000006c0000000, 0x00000006cab00000, 0x000000076ab00000)
  object space 175104K, 3% used [0x00000006c0000000,0x00000006c053a030,0x00000006cab00000)
 Metaspace       used 18616K, capacity 19622K, committed 19840K, reserved 1067008K
  class space    used 2667K, capacity 2889K, committed 2944K, reserved 1048576K
}
Event: 18.199 GC heap before
{Heap before GC invocations=4 (full 0):
 PSYoungGen      total 76288K, used 72018K [0x000000076ab00000, 0x0000000770000000, 0x00000007c0000000)
  eden space 65536K, 100% used [0x000000076ab00000,0x000000076eb00000,0x000000076eb00000)
  from space 10752K, 60% used [0x000000076eb00000,0x000000076f154af0,0x000000076f580000)
  to   space 10752K, 0% used [0x000000076f580000,0x000000076f580000,0x0000000770000000)
 ParOldGen       total 175104K, used 5352K [0x00000006c0000000, 0x00000006cab00000, 0x000000076ab00000)
  object space 175104K, 3% used [0x00000006c0000000,0x00000006c053a030,0x00000006cab00000)
 Metaspace       used 18777K, capacity 19852K, committed 20096K, reserved 1067008K
  class space    used 2670K, capacity 2923K, committed 2944K, reserved 1048576K
Event: 18.206 GC heap after
Heap after GC invocations=4 (full 0):
 PSYoungGen      total 76288K, used 6530K [0x000000076ab00000, 0x0000000770000000, 0x00000007c0000000)
  eden space 65536K, 0% used [0x000000076ab00000,0x000000076ab00000,0x000000076eb00000)
  from space 10752K, 60% used [0x000000076f580000,0x000000076fbe0ae0,0x0000000770000000)
  to   space 10752K, 0% used [0x000000076eb00000,0x000000076eb00000,0x000000076f580000)
 ParOldGen       total 175104K, used 5360K [0x00000006c0000000, 0x00000006cab00000, 0x000000076ab00000)
  object space 175104K, 3% used [0x00000006c0000000,0x00000006c053c030,0x00000006cab00000)
 Metaspace       used 18777K, capacity 19852K, committed 20096K, reserved 1067008K
  class space    used 2670K, capacity 2923K, committed 2944K, reserved 1048576K
}
Event: 22.183 GC heap before
{Heap before GC invocations=5 (full 0):
 PSYoungGen      total 76288K, used 72066K [0x000000076ab00000, 0x0000000770000000, 0x00000007c0000000)
  eden space 65536K, 100% used [0x000000076ab00000,0x000000076eb00000,0x000000076eb00000)
  from space 10752K, 60% used [0x000000076f580000,0x000000076fbe0ae0,0x0000000770000000)
  to   space 10752K, 0% used [0x000000076eb00000,0x000000076eb00000,0x000000076f580000)
 ParOldGen       total 175104K, used 5360K [0x00000006c0000000, 0x00000006cab00000, 0x000000076ab00000)
  object space 175104K, 3% used [0x00000006c0000000,0x00000006c053c030,0x00000006cab00000)
 Metaspace       used 18926K, capacity 19980K, committed 20096K, reserved 1067008K
  class space    used 2670K, capacity 2923K, committed 2944K, reserved 1048576K
Event: 22.190 GC heap after
Heap after GC invocations=5 (full 0):
 PSYoungGen      total 70656K, used 6560K [0x000000076ab00000, 0x000000076fd80000, 0x00000007c0000000)
  eden space 64000K, 0% used [0x000000076ab00000,0x000000076ab00000,0x000000076e980000)
  from space 6656K, 98% used [0x000000076eb00000,0x000000076f168050,0x000000076f180000)
  to   space 10240K, 0% used [0x000000076f380000,0x000000076f380000,0x000000076fd80000)
 ParOldGen       total 175104K, used 5368K [0x00000006c0000000, 0x00000006cab00000, 0x000000076ab00000)
  object space 175104K, 3% used [0x00000006c0000000,0x00000006c053e030,0x00000006cab00000)
 Metaspace       used 18926K, capacity 19980K, committed 20096K, reserved 1067008K
  class space    used 2670K, capacity 2923K, committed 2944K, reserved 1048576K
}
Event: 26.133 GC heap before
{Heap before GC invocations=6 (full 0):
 PSYoungGen      total 70656K, used 70560K [0x000000076ab00000, 0x000000076fd80000, 0x00000007c0000000)
  eden space 64000K, 100% used [0x000000076ab00000,0x000000076e980000,0x000000076e980000)
  from space 6656K, 98% used [0x000000076eb00000,0x000000076f168050,0x000000076f180000)
  to   space 10240K, 0% used [0x000000076f380000,0x000000076f380000,0x000000076fd80000)
 ParOldGen       total 175104K, used 5368K [0x00000006c0000000, 0x00000006cab00000, 0x000000076ab00000)
  object space 175104K, 3% used [0x00000006c0000000,0x00000006c053e030,0x00000006cab00000)
 Metaspace       used 19034K, capacity 20108K, committed 20352K, reserved 1067008K
  class space    used 2670K, capacity 2923K, committed 2944K, reserved 1048576K
Event: 26.140 GC heap after
Heap after GC invocations=6 (full 0):
 PSYoungGen      total 71168K, used 6496K [0x000000076ab00000, 0x000000076fc00000, 0x00000007c0000000)
  eden space 62464K, 0% used [0x000000076ab00000,0x000000076ab00000,0x000000076e800000)
  from space 8704K, 74% used [0x000000076f380000,0x000000076f9d8050,0x000000076fc00000)
  to   space 10240K, 0% used [0x000000076e800000,0x000000076e800000,0x000000076f200000)
 ParOldGen       total 175104K, used 5376K [0x00000006c0000000, 0x00000006cab00000, 0x000000076ab00000)
  object space 175104K, 3% used [0x00000006c0000000,0x00000006c0540030,0x00000006cab00000)
 Metaspace       used 19034K, capacity 20108K, committed 20352K, reserved 1067008K
  class space    used 2670K, capacity 2923K, committed 2944K, reserved 1048576K
}

Deoptimization events (10 events):
Event: 2.942 Thread 0x00007ff67d984000 Uncommon trap: reason=class_check action=maybe_recompile pc=0x0000000108e87654 method=java.util.HashMap.putVal(ILjava/lang/Object;Ljava/lang/Object;ZZ)Ljava/lang/Object; @ 152
Event: 2.944 Thread 0x00007ff67d984000 Uncommon trap: reason=class_check action=maybe_recompile pc=0x0000000108e87654 method=java.util.HashMap.putVal(ILjava/lang/Object;Ljava/lang/Object;ZZ)Ljava/lang/Object; @ 152
Event: 2.953 Thread 0x00007ff67d984000 Uncommon trap: reason=class_check action=maybe_recompile pc=0x0000000108e8abec method=java.util.HashMap.putVal(ILjava/lang/Object;Ljava/lang/Object;ZZ)Ljava/lang/Object; @ 152
Event: 2.969 Thread 0x00007ff67d984000 Uncommon trap: reason=unstable_if action=reinterpret pc=0x0000000108efe830 method=java.lang.String.trim()Ljava/lang/String; @ 23
Event: 2.969 Thread 0x00007ff67d984000 Uncommon trap: reason=unstable_if action=reinterpret pc=0x0000000108dc0d84 method=java.lang.AbstractStringBuilder.append(Ljava/lang/String;)Ljava/lang/AbstractStringBuilder; @ 1
Event: 2.969 Thread 0x00007ff67d984000 Uncommon trap: reason=unstable_if action=reinterpret pc=0x0000000108d52f4c method=java.lang.AbstractStringBuilder.append(Ljava/lang/String;)Ljava/lang/AbstractStringBuilder; @ 1
Event: 3.079 Thread 0x00007ff67d80f000 Uncommon trap: reason=unstable_if action=reinterpret pc=0x0000000108f25b7c method=java.lang.ref.ReferenceQueue.poll()Ljava/lang/ref/Reference; @ 4
Event: 3.161 Thread 0x00007ff67d984000 Uncommon trap: reason=unstable_if action=reinterpret pc=0x0000000108f1073c method=com.sun.javafx.css.BitSet.add(Ljava/lang/Object;)Z @ 91
Event: 4.716 Thread 0x00007ff67d984000 Uncommon trap: reason=unstable_if action=reinterpret pc=0x0000000108f3c258 method=com.sun.javafx.css.SimpleSelector.stateMatches(Ljavafx/css/Styleable;Ljava/util/Set;)Z @ 1
Event: 5.517 Thread 0x00007ff67d984000 Uncommon trap: reason=unstable_if action=reinterpret pc=0x00000001090a6ab4 method=javafx.scene.Node.updateLocalToParentTransform()V @ 4

Internal exceptions (10 events):
Event: 0.584 Thread 0x00007ff67d984000 Exception <a 'java/lang/ArrayIndexOutOfBoundsException'> (0x000000076bfff6f8) thrown at [/Users/java_re/workspace/8-2-build-macosx-x86_64/jdk8u144/9417/hotspot/src/share/vm/runtime/sharedRuntime.cpp, line 605]
Event: 0.584 Thread 0x00007ff67d984000 Exception <a 'java/lang/ArrayIndexOutOfBoundsException'> (0x000000076c000aa0) thrown at [/Users/java_re/workspace/8-2-build-macosx-x86_64/jdk8u144/9417/hotspot/src/share/vm/runtime/sharedRuntime.cpp, line 605]
Event: 0.661 Thread 0x00007ff67d984000 Implicit null exception at 0x0000000108dd51f5 to 0x0000000108dd5431
Event: 2.969 Thread 0x00007ff67d984000 Implicit null exception at 0x0000000108dc09b5 to 0x0000000108dc0d71
Event: 2.969 Thread 0x00007ff67d984000 Implicit null exception at 0x0000000108d52b76 to 0x0000000108d52f35
Event: 2.985 Thread 0x00007ff67d984000 Exception <a 'java/lang/NullPointerException'> (0x000000076d7139d0) thrown at [/Users/java_re/workspace/8-2-build-macosx-x86_64/jdk8u144/9417/hotspot/src/share/vm/interpreter/linkResolver.cpp, line 1299]
Event: 4.716 Thread 0x00007ff67d984000 Implicit null exception at 0x0000000108f3bab6 to 0x0000000108f3c22d
Event: 10.970 Thread 0x00007ff67d984000 Exception <a 'java/lang/NullPointerException'> (0x000000076d15c1b0) thrown at [/Users/java_re/workspace/8-2-build-macosx-x86_64/jdk8u144/9417/hotspot/src/share/vm/interpreter/linkResolver.cpp, line 1299]
Event: 13.676 Thread 0x00007ff67d984000 Exception <a 'java/lang/NullPointerException'> (0x000000076ab54f78) thrown at [/Users/java_re/workspace/8-2-build-macosx-x86_64/jdk8u144/9417/hotspot/src/share/vm/interpreter/linkResolver.cpp, line 1299]
Event: 13.735 Thread 0x00007ff67d984000 Exception <a 'java/lang/NullPointerException'> (0x000000076ab5f258) thrown at [/Users/java_re/workspace/8-2-build-macosx-x86_64/jdk8u144/9417/hotspot/src/share/vm/interpreter/linkResolver.cpp, line 1299]

Events (10 events):
Event: 29.372 loading class javafx/scene/media/MediaPlayer$_PlayerStateListener
Event: 29.372 loading class javafx/scene/media/MediaPlayer$_PlayerStateListener done
Event: 29.373 Executing VM operation: RevokeBias
Event: 29.373 Executing VM operation: RevokeBias done
Event: 29.373 Thread 0x00007ff67cb67000 Thread exited: 0x00007ff67cb67000
Event: 29.373 Executing VM operation: RevokeBias
Event: 29.373 Executing VM operation: RevokeBias done
Event: 29.373 Thread 0x00007ff67c8e4800 Thread exited: 0x00007ff67c8e4800
Event: 29.381 Thread 0x00007ff67c8e4800 Thread added: 0x00007ff67c8e4800
Event: 29.381 Thread 0x00007ff67c8e4800 Thread exited: 0x00007ff67c8e4800


Dynamic libraries:
0x000000001fc11000 	/System/Library/Frameworks/Cocoa.framework/Versions/A/Cocoa
0x000000001fc11000 	/System/Library/Frameworks/Security.framework/Versions/A/Security
0x000000001fc11000 	/System/Library/Frameworks/ApplicationServices.framework/Versions/A/ApplicationServices
0x000000001fc11000 	/usr/lib/libz.1.dylib
0x000000001fc11000 	/usr/lib/libSystem.B.dylib
0x000000001fc11000 	/usr/lib/libobjc.A.dylib
0x000000001fc11000 	/System/Library/Frameworks/CoreFoundation.framework/Versions/A/CoreFoundation
0x000000001fc11000 	/System/Library/Frameworks/Foundation.framework/Versions/C/Foundation
0x000000001fc11000 	/System/Library/Frameworks/AppKit.framework/Versions/C/AppKit
0x000000001fc11000 	/System/Library/Frameworks/CoreData.framework/Versions/A/CoreData
0x000000001fc11000 	/System/Library/PrivateFrameworks/RemoteViewServices.framework/Versions/A/RemoteViewServices
0x000000001fc11000 	/System/Library/PrivateFrameworks/UIFoundation.framework/Versions/A/UIFoundation
0x000000001fc11000 	/System/Library/PrivateFrameworks/DFRFoundation.framework/Versions/A/DFRFoundation
0x000000001fc11000 	/System/Library/Frameworks/Metal.framework/Versions/A/Metal
0x000000001fc11000 	/System/Library/PrivateFrameworks/DesktopServicesPriv.framework/Versions/A/DesktopServicesPriv
0x000000001fc11000 	/usr/lib/libenergytrace.dylib
0x000000001fc11000 	/System/Library/PrivateFrameworks/SkyLight.framework/Versions/A/SkyLight
0x000000001fc11000 	/System/Library/Frameworks/CoreGraphics.framework/Versions/A/CoreGraphics
0x000000001fc11000 	/usr/lib/libScreenReader.dylib
0x000000001fc11000 	/System/Library/Frameworks/Accelerate.framework/Versions/A/Accelerate
0x000000001fc11000 	/System/Library/Frameworks/IOSurface.framework/Versions/A/IOSurface
0x000000001fc11000 	/System/Library/Frameworks/AudioToolbox.framework/Versions/A/AudioToolbox
0x000000001fc11000 	/System/Library/Frameworks/AudioUnit.framework/Versions/A/AudioUnit
0x000000001fc11000 	/System/Library/PrivateFrameworks/DataDetectorsCore.framework/Versions/A/DataDetectorsCore
0x000000001fc11000 	/System/Library/Frameworks/Carbon.framework/Versions/A/Frameworks/HIToolbox.framework/Versions/A/HIToolbox
0x000000001fc11000 	/usr/lib/libicucore.A.dylib
0x000000001fc11000 	/System/Library/Frameworks/QuartzCore.framework/Versions/A/QuartzCore
0x000000001fc11000 	/System/Library/Frameworks/Carbon.framework/Versions/A/Frameworks/SpeechRecognition.framework/Versions/A/SpeechRecognition
0x000000001fc11000 	/usr/lib/libauto.dylib
0x000000001fc11000 	/usr/lib/libxml2.2.dylib
0x000000001fc11000 	/System/Library/PrivateFrameworks/CoreUI.framework/Versions/A/CoreUI
0x000000001fc11000 	/System/Library/Frameworks/CoreAudio.framework/Versions/A/CoreAudio
0x000000001fc11000 	/System/Library/Frameworks/DiskArbitration.framework/Versions/A/DiskArbitration
0x000000001fc11000 	/usr/lib/liblangid.dylib
0x000000001fc11000 	/System/Library/PrivateFrameworks/MultitouchSupport.framework/Versions/A/MultitouchSupport
0x000000001fc11000 	/System/Library/Frameworks/IOKit.framework/Versions/A/IOKit
0x000000001fc11000 	/usr/lib/libDiagnosticMessagesClient.dylib
0x000000001fc11000 	/System/Library/Frameworks/CoreServices.framework/Versions/A/CoreServices
0x000000001fc11000 	/System/Library/PrivateFrameworks/PerformanceAnalysis.framework/Versions/A/PerformanceAnalysis
0x000000001fc11000 	/System/Library/Frameworks/OpenGL.framework/Versions/A/OpenGL
0x000000001fc11000 	/System/Library/Frameworks/ColorSync.framework/Versions/A/ColorSync
0x000000001fc11000 	/System/Library/Frameworks/CoreImage.framework/Versions/A/CoreImage
0x000000001fc11000 	/System/Library/Frameworks/CoreText.framework/Versions/A/CoreText
0x000000001fc11000 	/System/Library/Frameworks/ImageIO.framework/Versions/A/ImageIO
0x000000001fc11000 	/System/Library/PrivateFrameworks/Backup.framework/Versions/A/Backup
0x000000001fc11000 	/usr/lib/libarchive.2.dylib
0x000000001fc11000 	/System/Library/Frameworks/CFNetwork.framework/Versions/A/CFNetwork
0x000000001fc11000 	/System/Library/Frameworks/SystemConfiguration.framework/Versions/A/SystemConfiguration
0x000000001fc11000 	/usr/lib/libCRFSuite.dylib
0x000000001fc11000 	/usr/lib/libc++.1.dylib
0x000000001fc11000 	/usr/lib/libc++abi.dylib
0x000000001fc11000 	/usr/lib/system/libcache.dylib
0x000000001fc11000 	/usr/lib/system/libcommonCrypto.dylib
0x000000001fc11000 	/usr/lib/system/libcompiler_rt.dylib
0x000000001fc11000 	/usr/lib/system/libcopyfile.dylib
0x000000001fc11000 	/usr/lib/system/libcorecrypto.dylib
0x000000001fc11000 	/usr/lib/system/libdispatch.dylib
0x000000001fc11000 	/usr/lib/system/libdyld.dylib
0x000000001fc11000 	/usr/lib/system/libkeymgr.dylib
0x000000001fc11000 	/usr/lib/system/liblaunch.dylib
0x000000001fc11000 	/usr/lib/system/libmacho.dylib
0x000000001fc11000 	/usr/lib/system/libquarantine.dylib
0x000000001fc11000 	/usr/lib/system/libremovefile.dylib
0x000000001fc11000 	/usr/lib/system/libsystem_asl.dylib
0x000000001fc11000 	/usr/lib/system/libsystem_blocks.dylib
0x000000001fc11000 	/usr/lib/system/libsystem_c.dylib
0x000000001fc11000 	/usr/lib/system/libsystem_configuration.dylib
0x000000001fc11000 	/usr/lib/system/libsystem_coreservices.dylib
0x000000001fc11000 	/usr/lib/system/libsystem_darwin.dylib
0x000000001fc11000 	/usr/lib/system/libsystem_dnssd.dylib
0x000000001fc11000 	/usr/lib/system/libsystem_info.dylib
0x000000001fc11000 	/usr/lib/system/libsystem_m.dylib
0x000000001fc11000 	/usr/lib/system/libsystem_malloc.dylib
0x000000001fc11000 	/usr/lib/system/libsystem_network.dylib
0x000000001fc11000 	/usr/lib/system/libsystem_networkextension.dylib
0x000000001fc11000 	/usr/lib/system/libsystem_notify.dylib
0x000000001fc11000 	/usr/lib/system/libsystem_sandbox.dylib
0x000000001fc11000 	/usr/lib/system/libsystem_secinit.dylib
0x000000001fc11000 	/usr/lib/system/libsystem_kernel.dylib
0x000000001fc11000 	/usr/lib/system/libsystem_platform.dylib
0x000000001fc11000 	/usr/lib/system/libsystem_pthread.dylib
0x000000001fc11000 	/usr/lib/system/libsystem_symptoms.dylib
0x000000001fc11000 	/usr/lib/system/libsystem_trace.dylib
0x000000001fc11000 	/usr/lib/system/libunwind.dylib
0x000000001fc11000 	/usr/lib/system/libxpc.dylib
0x000000001fc11000 	/usr/lib/closure/libclosured.dylib
0x000000001fc11000 	/usr/lib/libbsm.0.dylib
0x000000001fc11000 	/usr/lib/system/libkxld.dylib
0x000000001fc11000 	/usr/lib/libOpenScriptingUtil.dylib
0x000000001fc11000 	/usr/lib/libcoretls.dylib
0x000000001fc11000 	/usr/lib/libcoretls_cfhelpers.dylib
0x000000001fc11000 	/usr/lib/libpam.2.dylib
0x000000001fc11000 	/usr/lib/libsqlite3.dylib
0x000000001fc11000 	/usr/lib/libxar.1.dylib
0x000000001fc11000 	/usr/lib/libbz2.1.0.dylib
0x000000001fc11000 	/usr/lib/liblzma.5.dylib
0x000000001fc11000 	/usr/lib/libnetwork.dylib
0x000000001fc11000 	/usr/lib/libapple_nghttp2.dylib
0x000000001fc11000 	/usr/lib/libpcap.A.dylib
0x000000001fc11000 	/usr/lib/libboringssl.dylib
0x000000001fc11000 	/usr/lib/libusrtcp.dylib
0x000000001fc11000 	/usr/lib/libapple_crypto.dylib
0x000000001fc11000 	/System/Library/Frameworks/CoreServices.framework/Versions/A/Frameworks/FSEvents.framework/Versions/A/FSEvents
0x000000001fc11000 	/System/Library/Frameworks/CoreServices.framework/Versions/A/Frameworks/CarbonCore.framework/Versions/A/CarbonCore
0x000000001fc11000 	/System/Library/Frameworks/CoreServices.framework/Versions/A/Frameworks/Metadata.framework/Versions/A/Metadata
0x000000001fc11000 	/System/Library/Frameworks/CoreServices.framework/Versions/A/Frameworks/OSServices.framework/Versions/A/OSServices
0x000000001fc11000 	/System/Library/Frameworks/CoreServices.framework/Versions/A/Frameworks/SearchKit.framework/Versions/A/SearchKit
0x000000001fc11000 	/System/Library/Frameworks/CoreServices.framework/Versions/A/Frameworks/AE.framework/Versions/A/AE
0x000000001fc11000 	/System/Library/Frameworks/CoreServices.framework/Versions/A/Frameworks/LaunchServices.framework/Versions/A/LaunchServices
0x000000001fc11000 	/System/Library/Frameworks/CoreServices.framework/Versions/A/Frameworks/DictionaryServices.framework/Versions/A/DictionaryServices
0x000000001fc11000 	/System/Library/Frameworks/CoreServices.framework/Versions/A/Frameworks/SharedFileList.framework/Versions/A/SharedFileList
0x000000001fc11000 	/System/Library/Frameworks/NetFS.framework/Versions/A/NetFS
0x000000001fc11000 	/System/Library/PrivateFrameworks/NetAuth.framework/Versions/A/NetAuth
0x000000001fc11000 	/System/Library/PrivateFrameworks/login.framework/Versions/A/Frameworks/loginsupport.framework/Versions/A/loginsupport
0x000000001fc11000 	/System/Library/PrivateFrameworks/TCC.framework/Versions/A/TCC
0x000000001fc11000 	/usr/lib/libmecabra.dylib
0x000000001fc11000 	/System/Library/Frameworks/ApplicationServices.framework/Versions/A/Frameworks/ATS.framework/Versions/A/ATS
0x000000001fc11000 	/System/Library/Frameworks/ApplicationServices.framework/Versions/A/Frameworks/ColorSyncLegacy.framework/Versions/A/ColorSyncLegacy
0x000000001fc11000 	/System/Library/Frameworks/ApplicationServices.framework/Versions/A/Frameworks/HIServices.framework/Versions/A/HIServices
0x000000001fc11000 	/System/Library/Frameworks/ApplicationServices.framework/Versions/A/Frameworks/LangAnalysis.framework/Versions/A/LangAnalysis
0x000000001fc11000 	/System/Library/Frameworks/ApplicationServices.framework/Versions/A/Frameworks/PrintCore.framework/Versions/A/PrintCore
0x000000001fc11000 	/System/Library/Frameworks/ApplicationServices.framework/Versions/A/Frameworks/QD.framework/Versions/A/QD
0x000000001fc11000 	/System/Library/Frameworks/ApplicationServices.framework/Versions/A/Frameworks/SpeechSynthesis.framework/Versions/A/SpeechSynthesis
0x000000001fc11000 	/System/Library/Frameworks/CoreDisplay.framework/Versions/A/CoreDisplay
0x000000001fc11000 	/System/Library/Frameworks/Accelerate.framework/Versions/A/Frameworks/vImage.framework/Versions/A/vImage
0x000000001fc11000 	/System/Library/Frameworks/Accelerate.framework/Versions/A/Frameworks/vecLib.framework/Versions/A/vecLib
0x000000001fc11000 	/System/Library/Frameworks/Accelerate.framework/Versions/A/Frameworks/vecLib.framework/Versions/A/libvDSP.dylib
0x000000001fc11000 	/System/Library/Frameworks/Accelerate.framework/Versions/A/Frameworks/vecLib.framework/Versions/A/libBNNS.dylib
0x000000001fc11000 	/System/Library/Frameworks/Accelerate.framework/Versions/A/Frameworks/vecLib.framework/Versions/A/libQuadrature.dylib
0x000000001fc11000 	/System/Library/Frameworks/Accelerate.framework/Versions/A/Frameworks/vecLib.framework/Versions/A/libvMisc.dylib
0x000000001fc11000 	/System/Library/Frameworks/Accelerate.framework/Versions/A/Frameworks/vecLib.framework/Versions/A/libLAPACK.dylib
0x000000001fc11000 	/System/Library/Frameworks/Accelerate.framework/Versions/A/Frameworks/vecLib.framework/Versions/A/libBLAS.dylib
0x000000001fc11000 	/System/Library/Frameworks/Accelerate.framework/Versions/A/Frameworks/vecLib.framework/Versions/A/libLinearAlgebra.dylib
0x000000001fc11000 	/System/Library/Frameworks/Accelerate.framework/Versions/A/Frameworks/vecLib.framework/Versions/A/libSparse.dylib
0x000000001fc11000 	/System/Library/Frameworks/Accelerate.framework/Versions/A/Frameworks/vecLib.framework/Versions/A/libSparseBLAS.dylib
0x000000001fc11000 	/System/Library/PrivateFrameworks/IOAccelerator.framework/Versions/A/IOAccelerator
0x000000001fc11000 	/System/Library/PrivateFrameworks/IOPresentment.framework/Versions/A/IOPresentment
0x000000001fc11000 	/System/Library/PrivateFrameworks/DSExternalDisplay.framework/Versions/A/DSExternalDisplay
0x000000001fc11000 	/System/Library/Frameworks/OpenGL.framework/Versions/A/Libraries/libCoreFSCache.dylib
0x000000001fc11000 	/System/Library/Frameworks/CoreVideo.framework/Versions/A/CoreVideo
0x000000001fc11000 	/System/Library/PrivateFrameworks/GraphVisualizer.framework/Versions/A/GraphVisualizer
0x000000001fc11000 	/System/Library/Frameworks/MetalPerformanceShaders.framework/Versions/A/MetalPerformanceShaders
0x000000001fc11000 	/usr/lib/libFosl_dynamic.dylib
0x000000001fc11000 	/System/Library/PrivateFrameworks/FaceCore.framework/Versions/A/FaceCore
0x000000001fc11000 	/System/Library/Frameworks/OpenCL.framework/Versions/A/OpenCL
0x000000001fc11000 	/usr/lib/libcompression.dylib
0x000000001fc11000 	/System/Library/Frameworks/ApplicationServices.framework/Versions/A/Frameworks/ATS.framework/Versions/A/Resources/libFontParser.dylib
0x000000001fc11000 	/System/Library/Frameworks/ApplicationServices.framework/Versions/A/Frameworks/ATS.framework/Versions/A/Resources/libFontRegistry.dylib
0x000000001fc11000 	/System/Library/Frameworks/ImageIO.framework/Versions/A/Resources/libJPEG.dylib
0x000000001fc11000 	/System/Library/Frameworks/ImageIO.framework/Versions/A/Resources/libTIFF.dylib
0x000000001fc11000 	/System/Library/Frameworks/ImageIO.framework/Versions/A/Resources/libPng.dylib
0x000000001fc11000 	/System/Library/Frameworks/ImageIO.framework/Versions/A/Resources/libGIF.dylib
0x000000001fc11000 	/System/Library/Frameworks/ImageIO.framework/Versions/A/Resources/libJP2.dylib
0x000000001fc11000 	/System/Library/Frameworks/ImageIO.framework/Versions/A/Resources/libRadiance.dylib
0x000000001fc11000 	/System/Library/PrivateFrameworks/AppleJPEG.framework/Versions/A/AppleJPEG
0x000000001fc11000 	/System/Library/PrivateFrameworks/MetalTools.framework/Versions/A/MetalTools
0x000000001fc11000 	/System/Library/Frameworks/MetalPerformanceShaders.framework/Frameworks/MPSCore.framework/Versions/A/MPSCore
0x000000001fc11000 	/System/Library/Frameworks/MetalPerformanceShaders.framework/Frameworks/MPSImage.framework/Versions/A/MPSImage
0x000000001fc11000 	/System/Library/Frameworks/MetalPerformanceShaders.framework/Frameworks/MPSMatrix.framework/Versions/A/MPSMatrix
0x000000001fc11000 	/System/Library/Frameworks/MetalPerformanceShaders.framework/Frameworks/MPSNeuralNetwork.framework/Versions/A/MPSNeuralNetwork
0x000000001fc11000 	/System/Library/Frameworks/OpenGL.framework/Versions/A/Libraries/libGLU.dylib
0x000000001fc11000 	/System/Library/Frameworks/OpenGL.framework/Versions/A/Libraries/libGFXShared.dylib
0x000000001fc11000 	/System/Library/Frameworks/OpenGL.framework/Versions/A/Libraries/libGL.dylib
0x000000001fc11000 	/System/Library/Frameworks/OpenGL.framework/Versions/A/Libraries/libGLImage.dylib
0x000000001fc11000 	/System/Library/Frameworks/OpenGL.framework/Versions/A/Libraries/libCVMSPluginSupport.dylib
0x000000001fc11000 	/System/Library/Frameworks/OpenGL.framework/Versions/A/Libraries/libCoreVMClient.dylib
0x000000001fc11000 	/usr/lib/libcups.2.dylib
0x000000001fc11000 	/System/Library/Frameworks/Kerberos.framework/Versions/A/Kerberos
0x000000001fc11000 	/System/Library/Frameworks/GSS.framework/Versions/A/GSS
0x000000001fc11000 	/usr/lib/libresolv.9.dylib
0x000000001fc11000 	/usr/lib/libiconv.2.dylib
0x000000001fc11000 	/System/Library/PrivateFrameworks/Heimdal.framework/Versions/A/Heimdal
0x000000001fc11000 	/usr/lib/libheimdal-asn1.dylib
0x000000001fc11000 	/System/Library/Frameworks/OpenDirectory.framework/Versions/A/OpenDirectory
0x000000001fc11000 	/System/Library/PrivateFrameworks/CommonAuth.framework/Versions/A/CommonAuth
0x000000001fc11000 	/System/Library/Frameworks/OpenDirectory.framework/Versions/A/Frameworks/CFOpenDirectory.framework/Versions/A/CFOpenDirectory
0x000000001fc11000 	/System/Library/Frameworks/SecurityFoundation.framework/Versions/A/SecurityFoundation
0x000000001fc11000 	/System/Library/PrivateFrameworks/APFS.framework/Versions/A/APFS
0x000000001fc11000 	/usr/lib/libutil.dylib
0x000000001fc11000 	/System/Library/PrivateFrameworks/AppleSauce.framework/Versions/A/AppleSauce
0x000000001fc11000 	/System/Library/PrivateFrameworks/LinguisticData.framework/Versions/A/LinguisticData
0x000000001fc11000 	/usr/lib/libmarisa.dylib
0x000000001fc11000 	/System/Library/PrivateFrameworks/Lexicon.framework/Versions/A/Lexicon
0x000000001fc11000 	/usr/lib/libChineseTokenizer.dylib
0x000000001fc11000 	/usr/lib/libcmph.dylib
0x000000001fc11000 	/System/Library/PrivateFrameworks/LanguageModeling.framework/Versions/A/LanguageModeling
0x000000001fc11000 	/System/Library/PrivateFrameworks/CoreEmoji.framework/Versions/A/CoreEmoji
0x000000001fc11000 	/System/Library/Frameworks/ServiceManagement.framework/Versions/A/ServiceManagement
0x000000001fc11000 	/System/Library/PrivateFrameworks/BackgroundTaskManagement.framework/Versions/A/BackgroundTaskManagement
0x000000001fc11000 	/usr/lib/libxslt.1.dylib
0x000000001fc11000 	/System/Library/Frameworks/Carbon.framework/Versions/A/Frameworks/Ink.framework/Versions/A/Ink
0x000000001fc11000 	/System/Library/PrivateFrameworks/TextureIO.framework/Versions/A/TextureIO
0x000000001fc11000 	/usr/lib/libate.dylib
0x000000001fc11000 	/System/Library/PrivateFrameworks/CrashReporterSupport.framework/Versions/A/CrashReporterSupport
0x000000001fc11000 	/System/Library/PrivateFrameworks/Sharing.framework/Versions/A/Sharing
0x000000001fc11000 	/System/Library/PrivateFrameworks/IconServices.framework/Versions/A/IconServices
0x000000001fc11000 	/System/Library/PrivateFrameworks/ProtocolBuffer.framework/Versions/A/ProtocolBuffer
0x000000001fc11000 	/System/Library/PrivateFrameworks/Apple80211.framework/Versions/A/Apple80211
0x000000001fc11000 	/System/Library/Frameworks/CoreWLAN.framework/Versions/A/CoreWLAN
0x000000001fc11000 	/System/Library/PrivateFrameworks/CoreUtils.framework/Versions/A/CoreUtils
0x000000001fc11000 	/System/Library/Frameworks/IOBluetooth.framework/Versions/A/IOBluetooth
0x000000001fc11000 	/System/Library/PrivateFrameworks/CoreWiFi.framework/Versions/A/CoreWiFi
0x000000001fc11000 	/System/Library/Frameworks/CoreBluetooth.framework/Versions/A/CoreBluetooth
0x000000001fc11000 	/System/Library/PrivateFrameworks/SignpostNotification.framework/Versions/A/SignpostNotification
0x000000001fc11000 	/System/Library/PrivateFrameworks/DebugSymbols.framework/Versions/A/DebugSymbols
0x000000001fc11000 	/System/Library/PrivateFrameworks/CoreSymbolication.framework/Versions/A/CoreSymbolication
0x000000001fc11000 	/System/Library/PrivateFrameworks/Symbolication.framework/Versions/A/Symbolication
0x000000001fc11000 	/System/Library/PrivateFrameworks/AppleFSCompression.framework/Versions/A/AppleFSCompression
0x000000001fc11000 	/System/Library/PrivateFrameworks/SpeechRecognitionCore.framework/Versions/A/SpeechRecognitionCore
0x0000000107b88000 	/Library/Java/JavaVirtualMachines/jdk1.8.0_144.jdk/Contents/Home/jre/lib/server/libjvm.dylib
0x000000001fc11000 	/usr/lib/libstdc++.6.0.9.dylib
0x0000000106475000 	/Library/Java/JavaVirtualMachines/jdk1.8.0_144.jdk/Contents/Home/jre/lib/libverify.dylib
0x0000000106483000 	/Library/Java/JavaVirtualMachines/jdk1.8.0_144.jdk/Contents/Home/jre/lib/libjava.dylib
0x0000000106502000 	/Library/Java/JavaVirtualMachines/jdk1.8.0_144.jdk/Contents/Home/jre/lib/libzip.dylib
0x000000001fc11000 	/System/Library/Frameworks/JavaVM.framework/Versions/A/Frameworks/JavaRuntimeSupport.framework/Versions/A/JavaRuntimeSupport
0x000000001fc11000 	/System/Library/Frameworks/JavaVM.framework/Versions/A/Frameworks/JavaNativeFoundation.framework/Versions/A/JavaNativeFoundation
0x000000001fc11000 	/System/Library/Frameworks/JavaVM.framework/Versions/A/JavaVM
0x000000001fc11000 	/System/Library/Frameworks/Carbon.framework/Versions/A/Carbon
0x000000001fc11000 	/System/Library/PrivateFrameworks/JavaLaunching.framework/Versions/A/JavaLaunching
0x000000001fc11000 	/System/Library/Frameworks/Carbon.framework/Versions/A/Frameworks/CommonPanels.framework/Versions/A/CommonPanels
0x000000001fc11000 	/System/Library/Frameworks/Carbon.framework/Versions/A/Frameworks/Help.framework/Versions/A/Help
0x000000001fc11000 	/System/Library/Frameworks/Carbon.framework/Versions/A/Frameworks/ImageCapture.framework/Versions/A/ImageCapture
0x000000001fc11000 	/System/Library/Frameworks/Carbon.framework/Versions/A/Frameworks/OpenScripting.framework/Versions/A/OpenScripting
0x000000001fc11000 	/System/Library/Frameworks/Carbon.framework/Versions/A/Frameworks/Print.framework/Versions/A/Print
0x000000001fc11000 	/System/Library/Frameworks/Carbon.framework/Versions/A/Frameworks/SecurityHI.framework/Versions/A/SecurityHI
0x0000000125152000 	/Library/Java/JavaVirtualMachines/jdk1.8.0_144.jdk/Contents/Home/jre/lib/libprism_es2.dylib
0x000000001fc11000 	/System/Library/PrivateFrameworks/CoreServicesInternal.framework/Versions/A/CoreServicesInternal
0x000000001fc11000 	/System/Library/Frameworks/OpenGL.framework/Versions/A/Resources/GLEngine.bundle/GLEngine
0x000000001fc11000 	/System/Library/Frameworks/OpenGL.framework/Versions/A/Libraries/libGLProgrammability.dylib
0x00000001253f9000 	/System/Library/Extensions/AppleIntelKBLGraphicsGLDriver.bundle/Contents/MacOS/AppleIntelKBLGraphicsGLDriver
0x000000001fc11000 	/System/Library/PrivateFrameworks/GPUSupport.framework/Versions/A/Libraries/libGPUSupportMercury.dylib
0x0000000126426000 	/System/Library/Extensions/AMDRadeonX4000GLDriver.bundle/Contents/MacOS/AMDRadeonX4000GLDriver
0x000000001fc11000 	/System/Library/Extensions/AMDRadeonX4000GLDriver.bundle/Contents/MacOS/ATIRadeonX4000SCLib.dylib
0x000000001fc11000 	/System/Library/Frameworks/OpenGL.framework/Versions/A/Resources/GLRendererFloat.bundle/GLRendererFloat
0x000000001fc11000 	/System/Library/Frameworks/OpenCL.framework/Versions/A/Libraries/libcldcpuengine.dylib
0x000000001fc11000 	/usr/lib/libcrypto.35.dylib
0x000000001fc11000 	/System/Library/PrivateFrameworks/TrustEvaluationAgent.framework/Versions/A/TrustEvaluationAgent
0x000000012658e000 	/Library/Java/JavaVirtualMachines/jdk1.8.0_144.jdk/Contents/Home/jre/lib/libglass.dylib
0x000000001fc11000 	/System/Library/CoreServices/RawCamera.bundle/Contents/MacOS/RawCamera
0x000000001fc11000 	/System/Library/PrivateFrameworks/MobileAsset.framework/Versions/A/MobileAsset
0x000000001fc11000 	/System/Library/PrivateFrameworks/StreamingZip.framework/Versions/A/StreamingZip
0x000000001fc11000 	/System/Library/Frameworks/MediaToolbox.framework/Versions/A/MediaToolbox
0x000000001fc11000 	/System/Library/PrivateFrameworks/CoreAVCHD.framework/Versions/A/CoreAVCHD
0x000000001fc11000 	/System/Library/Frameworks/MediaAccessibility.framework/Versions/A/MediaAccessibility
0x000000001fc11000 	/System/Library/PrivateFrameworks/Mangrove.framework/Versions/A/Mangrove
0x000000001fc11000 	/System/Library/Frameworks/CoreMedia.framework/Versions/A/CoreMedia
0x000000001fc11000 	/System/Library/Frameworks/VideoToolbox.framework/Versions/A/VideoToolbox
0x000000001fc11000 	/System/Library/PrivateFrameworks/CoreAUC.framework/Versions/A/CoreAUC
0x000000001fc11000 	/usr/lib/libspindump.dylib
0x000000001fc11000 	/usr/lib/libdscsym.dylib
0x000000001fc11000 	/System/Library/PrivateFrameworks/AppleVA.framework/Versions/A/AppleVA
0x000000001fc11000 	/System/Library/Frameworks/Accelerate.framework/Versions/A/Frameworks/vImage.framework/Versions/A/Libraries/libCGInterfaces.dylib
0x000000001fc11000 	/System/Library/PrivateFrameworks/FamilyControls.framework/Versions/A/FamilyControls
0x000000001fc11000 	/System/Library/PrivateFrameworks/CommerceKit.framework/Versions/A/Frameworks/CommerceCore.framework/Versions/A/CommerceCore
0x000000001fc11000 	/System/Library/PrivateFrameworks/SystemAdministration.framework/Versions/A/SystemAdministration
0x000000001fc11000 	/System/Library/PrivateFrameworks/AppContainer.framework/Versions/A/AppContainer
0x000000001fc11000 	/System/Library/PrivateFrameworks/SecCodeWrapper.framework/Versions/A/SecCodeWrapper
0x000000001fc11000 	/System/Library/PrivateFrameworks/DiskManagement.framework/Versions/A/DiskManagement
0x000000001fc11000 	/System/Library/Frameworks/DirectoryService.framework/Versions/A/DirectoryService
0x000000001fc11000 	/System/Library/PrivateFrameworks/DiskImages.framework/Versions/A/DiskImages
0x000000001fc11000 	/System/Library/PrivateFrameworks/LoginUIKit.framework/Versions/A/Frameworks/LoginUICore.framework/Versions/A/LoginUICore
0x000000001fc11000 	/usr/lib/libCoreStorage.dylib
0x000000001fc11000 	/usr/lib/libcsfde.dylib
0x000000001fc11000 	/usr/lib/libodfde.dylib
0x000000001fc11000 	/System/Library/PrivateFrameworks/MediaKit.framework/Versions/A/MediaKit
0x000000001fc11000 	/System/Library/Frameworks/DiscRecording.framework/Versions/A/DiscRecording
0x000000001fc11000 	/System/Library/PrivateFrameworks/EFILogin.framework/Versions/A/EFILogin
0x000000001fc11000 	/System/Library/PrivateFrameworks/ProtectedCloudStorage.framework/Versions/A/ProtectedCloudStorage
0x000000001fc11000 	/usr/lib/libcurl.4.dylib
0x000000001fc11000 	/usr/lib/libssl.35.dylib
0x000000001fc11000 	/System/Library/Frameworks/LDAP.framework/Versions/A/LDAP
0x000000001fc11000 	/usr/lib/libsasl2.2.dylib
0x000000001fc11000 	/System/Library/PrivateFrameworks/CoreDaemon.framework/Versions/B/CoreDaemon
0x000000001fc11000 	/System/Library/PrivateFrameworks/AppleSRP.framework/Versions/A/AppleSRP
0x0000000128c4c000 	/Library/Java/JavaVirtualMachines/jdk1.8.0_144.jdk/Contents/Home/jre/lib/libjavafx_font.dylib
0x000000001fc11000 	/System/Library/Frameworks/ApplicationServices.framework/Versions/A/Frameworks/ATS.framework/Versions/A/Resources/libTrueTypeScaler.dylib
0x000000001fc11000 	/System/Library/Extensions/AppleIntelKBLGraphicsMTLDriver.bundle/Contents/MacOS/AppleIntelKBLGraphicsMTLDriver
0x000000012d68a000 	/Library/Java/JavaVirtualMachines/jdk1.8.0_144.jdk/Contents/Home/jre/lib/libprism_common.dylib
0x000000012d698000 	/System/Library/Extensions/AMDMTLBronzeDriver.bundle/Contents/MacOS/AMDMTLBronzeDriver
0x000000001fc11000 	/System/Library/PrivateFrameworks/IOAccelMemoryInfo.framework/Versions/A/IOAccelMemoryInfo
0x000000001fc11000 	/System/Library/PrivateFrameworks/GPUCompiler.framework/Versions/3802/Libraries/libmetal_timestamp.dylib
0x000000001fc11000 	/System/Library/PrivateFrameworks/ViewBridge.framework/Versions/A/ViewBridge
0x00000001316ec000 	/Library/Java/JavaVirtualMachines/jdk1.8.0_144.jdk/Contents/Home/jre/lib/libglib-lite.dylib
0x000000013180d000 	/Library/Java/JavaVirtualMachines/jdk1.8.0_144.jdk/Contents/Home/jre/lib/libgstreamer-lite.dylib
0x0000000131986000 	/Library/Java/JavaVirtualMachines/jdk1.8.0_144.jdk/Contents/Home/jre/lib/libjfxmedia.dylib
0x00000001319c1000 	/Library/Java/JavaVirtualMachines/jdk1.8.0_144.jdk/Contents/Home/jre/lib/libjfxmedia_avf.dylib
0x000000001fc11000 	/System/Library/Frameworks/AVFoundation.framework/Versions/A/AVFoundation
0x000000001fc11000 	/System/Library/Frameworks/AVFoundation.framework/Versions/A/Frameworks/AVFAudio.framework/Versions/A/AVFAudio
0x000000001fc11000 	/System/Library/PrivateFrameworks/IntlPreferences.framework/Versions/A/IntlPreferences
0x000000001fc11000 	/System/Library/Frameworks/CoreMediaIO.framework/Versions/A/CoreMediaIO
0x000000001fc11000 	/System/Library/PrivateFrameworks/RemoteServiceDiscovery.framework/Versions/A/RemoteServiceDiscovery
0x000000001fc11000 	/System/Library/PrivateFrameworks/RemoteXPC.framework/Versions/A/RemoteXPC
0x000000001fc11000 	/System/Library/PrivateFrameworks/InternationalSupport.framework/Versions/A/InternationalSupport
0x000000012d651000 	/Library/Java/JavaVirtualMachines/jdk1.8.0_144.jdk/Contents/Home/jre/lib/libjfxmedia_qtkit.dylib
0x000000001fc11000 	/System/Library/Frameworks/QTKit.framework/Versions/A/QTKit
0x000000001fc11000 	/System/Library/PrivateFrameworks/CoreMediaAuthoring.framework/Versions/A/CoreMediaAuthoring
0x00000001319f6000 	/Library/Java/JavaVirtualMachines/jdk1.8.0_144.jdk/Contents/Home/jre/lib/libfxplugins.dylib
0x000000001fc11000 	/System/Library/Frameworks/VideoDecodeAcceleration.framework/Versions/A/VideoDecodeAcceleration
0x0000000131a21000 	/Library/Java/JavaVirtualMachines/jdk1.8.0_144.jdk/Contents/Home/jre/lib/libnet.dylib
0x000000012dcd8000 	/Library/Java/JavaVirtualMachines/jdk1.8.0_144.jdk/Contents/Home/jre/lib/libnio.dylib
0x000000012d639000 	/System/Library/Extensions/AppleHDA.kext/Contents/PlugIns/AppleHDAHALPlugIn.bundle/Contents/MacOS/AppleHDAHALPlugIn
0x0000000131a55000 	/System/Library/Components/CoreAudio.component/Contents/MacOS/CoreAudio
0x0000000131c9c000 	/System/Library/Components/AudioCodecs.component/Contents/MacOS/AudioCodecs
0x000000001fc11000 	/System/Library/PrivateFrameworks/AppleGVA.framework/Versions/A/AppleGVA
0x000000001fc11000 	/usr/lib/libsystemstats.dylib

VM Arguments:
java_command: /Users/stermark/workspace/videoQuerying/Video-Intelligence-Query/VideoQuerying/target/VideoQuerying-1.0-SNAPSHOT.jar
java_class_path (initial): /Users/stermark/workspace/videoQuerying/Video-Intelligence-Query/VideoQuerying/target/VideoQuerying-1.0-SNAPSHOT.jar
Launcher Type: SUN_STANDARD

Environment Variables:
JAVA_HOME=/Library/Java/JavaVirtualMachines/jdk1.8.0_144.jdk/Contents/Home
PATH=/usr/bin:/bin:/usr/sbin:/sbin
SHELL=/bin/bash

Signal Handlers:
SIGSEGV: [libjvm.dylib+0x5b26e5], sa_mask[0]=11111111011111110111111111111111, sa_flags=SA_ONSTACK|SA_RESTART|SA_SIGINFO
SIGBUS: [libjvm.dylib+0x5b26e5], sa_mask[0]=11111111011111110111111111111111, sa_flags=SA_RESTART|SA_SIGINFO
SIGFPE: [libjvm.dylib+0x489100], sa_mask[0]=11111111011111110111111111111111, sa_flags=SA_RESTART|SA_SIGINFO
SIGPIPE: [libjvm.dylib+0x489100], sa_mask[0]=11111111011111110111111111111111, sa_flags=SA_RESTART|SA_SIGINFO
SIGXFSZ: [libjvm.dylib+0x489100], sa_mask[0]=11111111011111110111111111111111, sa_flags=SA_RESTART|SA_SIGINFO
SIGILL: [libjvm.dylib+0x489100], sa_mask[0]=11111111011111110111111111111111, sa_flags=SA_RESTART|SA_SIGINFO
SIGUSR1: SIG_DFL, sa_mask[0]=00000000000000000000000000000000, sa_flags=none
SIGUSR2: [libjvm.dylib+0x488c1e], sa_mask[0]=00100000000000000000000000000000, sa_flags=SA_RESTART|SA_SIGINFO
SIGHUP: [libjvm.dylib+0x4871f5], sa_mask[0]=11111111011111110111111111111111, sa_flags=SA_RESTART|SA_SIGINFO
SIGINT: SIG_IGN, sa_mask[0]=00000000000000000000000000000000, sa_flags=none
SIGTERM: [libjvm.dylib+0x4871f5], sa_mask[0]=11111111011111110111111111111111, sa_flags=SA_RESTART|SA_SIGINFO
SIGQUIT: [libjvm.dylib+0x4871f5], sa_mask[0]=11111111011111110111111111111111, sa_flags=SA_RESTART|SA_SIGINFO


---------------  S Y S T E M  ---------------

OS:Bsduname:Darwin 17.4.0 Darwin Kernel Version 17.4.0: Sun Dec 17 09:19:54 PST 2017; root:xnu-4570.41.2~1/RELEASE_X86_64 x86_64
rlimit: STACK 8192k, CORE 0k, NPROC 1418, NOFILE 10240, AS infinity
load average:2.90 2.36 2.12

CPU:total 8 (initial active 8) (4 cores per cpu, 2 threads per core) family 6 model 158 stepping 9, cmov, cx8, fxsr, mmx, sse, sse2, sse3, ssse3, sse4.1, sse4.2, popcnt, avx, avx2, aes, clmul, erms, 3dnowpref, lzcnt, ht, tsc, tscinvbit, bmi1, bmi2, adx

Memory: 4k page, physical 16777216k(45044k free)

/proc/meminfo:


vm_info: Java HotSpot(TM) 64-Bit Server VM (25.144-b01) for bsd-amd64 JRE (1.8.0_144-b01), built on Jul 21 2017 22:07:42 by "java_re" with gcc 4.2.1 (Based on Apple Inc. build 5658) (LLVM build 2336.11.00)

time: Mon Apr 16 16:42:26 2018
elapsed time: 29 seconds (0d 0h 0m 29s)

